2024-09-04 12:55:12,339 - log - INFO - App init...
2024-09-04 12:55:12,339 - log - INFO - Main window init...
2024-09-04 12:55:19,048 - log - INFO - Button to download assets of tanks clicked
2024-09-04 12:59:08,161 - log - INFO - App init...
2024-09-04 12:59:08,161 - log - INFO - Main window init...
2024-09-04 12:59:09,921 - log - INFO - Button to download assets of tanks clicked
2024-09-04 13:00:00,356 - log - INFO - App init...
2024-09-04 13:00:00,357 - log - INFO - Main window init...
2024-09-04 13:00:02,105 - log - INFO - Button to download assets of tanks clicked
2024-09-04 13:00:27,161 - log - INFO - App init...
2024-09-04 13:00:27,193 - log - INFO - Main window init...
2024-09-04 13:00:28,121 - log - INFO - Button to download assets of tanks clicked
2024-09-04 13:01:35,729 - log - INFO - App init...
2024-09-04 13:01:35,729 - log - INFO - Main window init...
2024-09-04 13:01:38,073 - log - INFO - Button to download assets of tanks clicked
2024-09-04 13:02:14,161 - log - INFO - App init...
2024-09-04 13:02:14,162 - log - INFO - Main window init...
2024-09-04 13:02:15,570 - log - INFO - Button to download assets of tanks clicked
2024-09-04 13:02:59,745 - log - INFO - Button to remove folder with tanks assets clicked
2024-09-04 13:02:59,905 - log - INFO - Folder for tank assets created
2024-09-04 13:03:12,383 - log - INFO - Button to download assets of tanks clicked
2024-09-04 13:08:37,138 - log - INFO - App init...
2024-09-04 13:08:37,138 - log - INFO - Main window init...
2024-09-04 13:09:00,335 - log - INFO - Button to download assets of tanks clicked
2024-09-04 13:12:07,188 - log - INFO - App init...
2024-09-04 13:12:07,188 - log - INFO - Main window init...
2024-09-04 13:12:08,424 - log - INFO - Button to download assets of tanks clicked
2024-09-04 13:20:03,540 - log - INFO - App init...
2024-09-04 13:20:03,541 - log - INFO - Main window init...
2024-09-04 13:20:05,282 - log - INFO - Button to download assets of tanks clicked
2024-09-04 13:21:07,643 - log - INFO - App init...
2024-09-04 13:21:07,644 - log - INFO - Main window init...
2024-09-04 13:21:08,690 - log - INFO - Button to download assets of tanks clicked
2024-09-04 13:21:45,333 - log - INFO - App init...
2024-09-04 13:21:45,333 - log - INFO - Main window init...
2024-09-04 13:21:46,754 - log - INFO - Button to download assets of tanks clicked
2024-09-04 13:24:20,826 - log - INFO - App init...
2024-09-04 13:24:20,826 - log - INFO - Main window init...
2024-09-04 13:24:21,938 - log - INFO - Button to download assets of tanks clicked
2024-09-04 13:27:05,629 - log - INFO - App init...
2024-09-04 13:27:05,629 - log - INFO - Main window init...
2024-09-04 13:27:07,003 - log - INFO - Button to download assets of tanks clicked
2024-09-04 13:29:02,642 - log - INFO - App init...
2024-09-04 13:29:02,642 - log - INFO - Main window init...
2024-09-04 13:29:04,003 - log - INFO - Button to download assets of tanks clicked
2024-09-04 13:35:44,301 - log - INFO - App init...
2024-09-04 13:35:44,301 - log - INFO - Main window init...
2024-09-04 13:35:45,531 - log - INFO - Button to download assets of tanks clicked
2024-09-04 13:35:45,532 - log - INFO - Download window init...
2024-09-04 13:35:50,075 - log - INFO - Download window exited. Window closed.
2024-09-04 13:35:55,652 - log - INFO - Button to download assets of tanks clicked
2024-09-04 13:35:55,652 - log - INFO - Download window init...
2024-09-04 13:35:56,817 - log - INFO - Download window exited. Window closed.
2024-09-04 13:37:29,080 - log - INFO - Main window exited. App closed.
2024-09-04 13:49:06,109 - log - INFO - App init...
2024-09-04 13:49:06,109 - log - INFO - Main window init...
2024-09-04 13:49:07,502 - log - INFO - Button to download assets of tanks clicked
2024-09-04 13:49:07,503 - log - INFO - Download window init...
2024-09-04 13:50:29,178 - log - INFO - App init...
2024-09-04 13:50:29,178 - log - INFO - Main window init...
2024-09-04 13:50:30,983 - log - INFO - Button to download assets of tanks clicked
2024-09-04 13:50:30,984 - log - INFO - Download window init...
2024-09-04 13:51:23,685 - log - INFO - App init...
2024-09-04 13:51:23,685 - log - INFO - Main window init...
2024-09-04 13:51:24,663 - log - INFO - Button to download assets of tanks clicked
2024-09-04 13:51:24,663 - log - INFO - Download window init...
2024-09-04 13:53:26,807 - log - INFO - App init...
2024-09-04 13:53:26,807 - log - INFO - Main window init...
2024-09-04 13:53:27,974 - log - INFO - Button to download assets of tanks clicked
2024-09-04 13:53:27,975 - log - INFO - Download window init...
2024-09-04 13:54:05,774 - log - INFO - App init...
2024-09-04 13:54:05,774 - log - INFO - Main window init...
2024-09-04 13:54:07,319 - log - INFO - Button to download assets of tanks clicked
2024-09-04 13:54:07,319 - log - INFO - Download window init...
2024-09-04 14:03:20,243 - log - INFO - App init...
2024-09-04 14:03:20,243 - log - INFO - Main window init...
2024-09-04 14:03:21,952 - log - INFO - Button to download assets of tanks clicked
2024-09-04 14:03:21,953 - log - INFO - Download window init...
2024-09-04 14:03:34,999 - log - INFO - Download window exited. Window closed.
2024-09-04 14:05:14,255 - log - INFO - App init...
2024-09-04 14:05:14,256 - log - INFO - Main window init...
2024-09-04 14:05:15,424 - log - INFO - Button to download assets of tanks clicked
2024-09-04 14:05:15,424 - log - INFO - Download window init...
2024-09-04 14:11:38,587 - log - INFO - App init...
2024-09-04 14:11:38,588 - log - INFO - Main window init...
2024-09-04 14:13:12,715 - log - INFO - App init...
2024-09-04 14:13:12,715 - log - INFO - Main window init...
2024-09-04 14:13:21,829 - log - INFO - Main window exited. App closed.
2024-09-04 14:13:46,409 - log - INFO - App init...
2024-09-04 14:13:46,410 - log - INFO - Main window init...
2024-09-04 14:13:59,736 - log - INFO - App init...
2024-09-04 14:13:59,736 - log - INFO - Main window init...
2024-09-04 14:14:15,817 - log - INFO - Button to remove folder with tanks assets clicked
2024-09-04 14:14:15,862 - log - INFO - Folder for tank assets created
2024-09-04 14:14:20,473 - log - INFO - Button to download assets of tanks clicked
2024-09-04 14:14:20,473 - log - INFO - Download window init...
2024-09-04 14:20:37,604 - log - INFO - App init...
2024-09-04 14:20:37,604 - log - INFO - Main window init...
2024-09-04 14:20:40,716 - log - INFO - Main window exited. App closed.
2024-09-04 14:42:30,152 - log - INFO - App init...
2024-09-04 14:42:30,153 - log - INFO - Main window init...
2024-09-04 14:42:32,943 - log - INFO - Button to download assets of tanks clicked
2024-09-04 14:42:32,943 - log - INFO - Download window init...
2024-09-04 14:44:56,105 - log - INFO - App init...
2024-09-04 14:44:56,106 - log - INFO - Main window init...
2024-09-04 14:44:58,663 - log - INFO - Button to download assets of tanks clicked
2024-09-04 14:44:58,663 - log - INFO - Download window init...
2024-09-04 14:48:38,872 - log - INFO - App init...
2024-09-04 14:48:38,872 - log - INFO - Main window init...
2024-09-04 14:48:50,967 - log - INFO - Button to download assets of tanks clicked
2024-09-04 14:48:50,967 - log - INFO - Download window init...
2024-09-04 14:49:19,501 - log - INFO - Download window exited. Window closed.
2024-09-04 14:51:30,409 - log - INFO - App init...
2024-09-04 14:51:30,409 - log - INFO - Main window init...
2024-09-04 14:51:32,392 - log - INFO - Button to download assets of tanks clicked
2024-09-04 14:51:32,393 - log - INFO - Download window init...
2024-09-04 14:51:38,663 - log - INFO - Download window exited. Window closed.
2024-09-04 15:09:21,049 - log - INFO - App init...
2024-09-04 15:09:21,050 - log - INFO - Main window init...
2024-09-04 15:09:23,363 - log - INFO - Button to download assets of tanks clicked
2024-09-04 15:09:23,363 - log - INFO - Download window init...
2024-09-04 15:09:43,853 - log - INFO - App init...
2024-09-04 15:09:43,854 - log - INFO - Main window init...
2024-09-04 15:09:45,491 - log - INFO - Button to download assets of tanks clicked
2024-09-04 15:09:45,491 - log - INFO - Download window init...
2024-09-04 15:11:39,985 - log - INFO - App init...
2024-09-04 15:11:39,986 - log - INFO - Main window init...
2024-09-04 15:11:41,499 - log - INFO - Button to download assets of tanks clicked
2024-09-04 15:11:41,499 - log - INFO - Download window init...
2024-09-04 15:13:48,087 - log - INFO - App init...
2024-09-04 15:13:48,087 - log - INFO - Main window init...
2024-09-04 15:13:49,379 - log - INFO - Button to download assets of tanks clicked
2024-09-04 15:13:49,380 - log - INFO - Download window init...
2024-09-04 15:16:58,182 - log - INFO - App init...
2024-09-04 15:16:58,182 - log - INFO - Main window init...
2024-09-04 15:16:59,863 - log - INFO - Button to download assets of tanks clicked
2024-09-04 15:16:59,863 - log - INFO - Download window init...
2024-09-04 15:21:12,319 - log - INFO - App init...
2024-09-04 15:21:12,320 - log - INFO - Main window init...
2024-09-04 15:21:13,927 - log - INFO - Button to download assets of tanks clicked
2024-09-04 15:21:13,927 - log - INFO - Download window init...
2024-09-05 00:22:18,441 - log - INFO - App init...
2024-09-05 00:22:18,441 - log - INFO - Main window init...
2024-09-05 00:22:24,122 - log - INFO - Button to download assets of tanks clicked
2024-09-05 00:22:24,122 - log - INFO - Download window init...
2024-09-05 00:25:12,638 - log - INFO - App init...
2024-09-05 00:25:12,638 - log - INFO - Main window init...
2024-09-05 00:25:14,605 - log - INFO - Button to download assets of tanks clicked
2024-09-05 00:25:14,606 - log - INFO - Download window init...
2024-09-05 00:25:41,103 - log - INFO - Download window exited. Window closed.
2024-09-05 00:26:34,618 - log - INFO - App init...
2024-09-05 00:26:34,618 - log - INFO - Main window init...
2024-09-05 00:26:35,537 - log - INFO - Button to download assets of tanks clicked
2024-09-05 00:26:35,537 - log - INFO - Download window init...
2024-09-05 00:27:01,895 - log - INFO - Download window exited. Window closed.
2024-09-05 00:30:34,130 - log - INFO - App init...
2024-09-05 00:30:34,131 - log - INFO - Main window init...
2024-09-05 00:30:35,706 - log - INFO - Button to download assets of tanks clicked
2024-09-05 00:30:35,706 - log - INFO - Download window init...
2024-09-05 00:30:48,446 - log - INFO - Main window exited. App closed.
2024-09-10 11:56:06,345 - log - INFO - App init...
2024-09-10 11:56:06,346 - log - INFO - Main window init...
2024-09-10 11:56:08,070 - log - INFO - Main window exited. App closed.
2024-09-10 13:13:17,420 - log - INFO - App init...
2024-09-10 13:13:17,420 - log - INFO - Main window init...
2024-09-10 13:13:22,608 - log - INFO - Main window exited. App closed.
2024-09-10 13:13:39,738 - log - INFO - App init...
2024-09-10 13:13:39,739 - log - INFO - Main window init...
2024-09-10 13:13:41,123 - log - INFO - Main window exited. App closed.
2024-09-10 13:14:05,376 - log - INFO - App init...
2024-09-10 13:14:05,377 - log - INFO - Main window init...
2024-09-10 13:14:11,002 - log - INFO - Main window exited. App closed.
2024-09-10 13:14:21,824 - log - INFO - App init...
2024-09-10 13:14:21,825 - log - INFO - Main window init...
2024-09-10 13:14:24,280 - log - INFO - Main window exited. App closed.
2024-09-10 13:57:11,785 - log - INFO - App init...
2024-09-10 13:57:11,785 - log - INFO - Main window init...
2024-09-10 13:57:14,889 - log - INFO - Main window exited. App closed.
2024-09-10 22:24:49,410 - log - INFO - App init...
2024-09-10 22:24:49,411 - log - INFO - Main window init...
2024-09-10 22:24:53,300 - log - INFO - Main window exited. App closed.
2024-09-11 10:47:01,936 - log - INFO - App init...
2024-09-11 10:47:01,937 - log - INFO - Main window init...
2024-09-11 10:47:18,047 - log - INFO - Main window exited. App closed.
2024-09-11 11:03:51,958 - log - INFO - App init...
2024-09-11 11:03:51,958 - log - INFO - Main window init...
2024-09-11 11:03:54,252 - log - INFO - Main window exited. App closed.
2024-09-11 11:04:12,044 - log - INFO - App init...
2024-09-11 11:04:12,044 - log - INFO - Main window init...
2024-09-11 11:04:13,290 - log - INFO - Main window exited. App closed.
2024-09-11 11:04:27,258 - log - INFO - App init...
2024-09-11 11:04:27,258 - log - INFO - Main window init...
2024-09-11 11:04:28,821 - log - INFO - Main window exited. App closed.
2024-09-11 11:04:52,577 - log - INFO - App init...
2024-09-11 11:04:52,577 - log - INFO - Main window init...
2024-09-11 11:04:53,726 - log - INFO - Main window exited. App closed.
2024-09-11 11:06:16,658 - log - INFO - App init...
2024-09-11 11:06:16,658 - log - INFO - Main window init...
2024-09-11 11:06:19,626 - log - INFO - Main window exited. App closed.
